<?xml version="1.0" encoding="UTF-8"?>
<!-- Generated by org.testng.reporters.JUnitReportReporter -->
<testsuite hostname="AV-B7YSDB3" failures="0" tests="2" name="Testng.NewClass" time="5.850" errors="0" timestamp="29 Dec 2022 01:11:15 GMT">
  <testcase classname="Testng.NewClass" name="openurl" time="0.005"/>
  <testcase classname="Testng.NewClass" name="getlaunch" time="5.845"/>
</testsuite> <!-- Testng.NewClass -->
