<?xml version="1.0" encoding="UTF-8"?>
<!-- Generated by org.testng.reporters.JUnitReportReporter -->
<testsuite hostname="AV-B7YSDB3" failures="0" tests="3" name="Testng.Anotherclass" time="4.727" errors="0" timestamp="29 Dec 2022 01:15:14 GMT">
  <testcase classname="Testng.Anotherclass" name="getlaunch" time="4.722"/>
  <testcase classname="Testng.Anotherclass" name="openurl" time="0.001"/>
  <testcase classname="Testng.Anotherclass" name="add" time="0.004"/>
</testsuite> <!-- Testng.Anotherclass -->
