<?xml version="1.0" encoding="UTF-8"?>
<!-- Generated by org.testng.reporters.JUnitReportReporter -->
<testsuite hostname="AV-B7YSDB3" failures="0" tests="6" name="Testng.Titlevarificationtest" time="9.566" errors="0" timestamp="21 Jan 2023 17:03:51 GMT">
  <testcase classname="Testng.Titlevarificationtest" name="title" time="2.018"/>
  <testcase classname="Testng.Titlevarificationtest" name="pass" time="2.097"/>
  <testcase classname="Testng.Titlevarificationtest" name="login" time="5.161"/>
  <testcase classname="Testng.Titlevarificationtest" name="email" time="0.081"/>
  <testcase classname="Testng.Titlevarificationtest" name="screenshot" time="0.202"/>
  <testcase classname="Testng.Titlevarificationtest" name="varification" time="0.007"/>
</testsuite> <!-- Testng.Titlevarificationtest -->
